
=== Wed Apr 10 10:43:49 2019

Packages were changed.
Update Mode: mergeDefaultDependencies

The following packages were updated:
  com.unity.package-manager-ui from version 2.1.1 to 2.1.2
  com.unity.textmeshpro from version 1.3.0 to 2.0.0

=== Wed May  1 18:53:16 2019

Packages were changed.
Update Mode: updateDependencies

The following packages were updated:
  com.unity.collab-proxy from version 1.2.15 to 1.2.16
  com.unity.purchasing from version 2.0.1 to 2.0.6
  com.unity.xr.legacyinputhelpers from version 1.0.0 to 2.0.2

=== Tue May 28 12:42:01 2019

Packages were changed.
Update Mode: updateDependencies

The following packages were updated:
  com.unity.textmeshpro from version 2.0.0 to 2.0.1

=== Fri Mar 27 11:44:44 2020

Packages were changed.
Update Mode: updateDependencies

The following packages were added:
  com.unity.2d.sprite@1.0.0
  com.unity.2d.tilemap@1.0.0
  com.unity.ide.rider@1.1.4
  com.unity.ide.vscode@1.1.4
  com.unity.modules.androidjni@1.0.0
  com.unity.test-framework@1.1.11
  com.unity.ugui@1.0.0
The following packages were updated:
  com.unity.analytics from version 3.3.2 to 3.3.5
  com.unity.render-pipelines.high-definition from version 5.7.2-preview to 7.1.8
  com.unity.timeline from version 1.0.0 to 1.2.6
  com.unity.visualeffectgraph from version 5.10.0-preview to 7.1.8
The following packages were removed:
  com.unity.package-manager-ui@2.1.2
